
Starting at 15 Mar 2024, 15:30:03 UTC
PHP Fatal error:  Uncaught mysqli_sql_exception: No such file or directory in /home/boincadm/projects/proto/html/inc/db_conn.inc:40
Stack trace:
#0 /home/boincadm/projects/proto/html/inc/db_conn.inc(40): mysqli->__construct()
#1 /home/boincadm/projects/proto/html/inc/boinc_db.inc(104): DbConn->init_conn()
#2 /home/boincadm/projects/proto/html/inc/boinc_db.inc(133): BoincDb::get_aux()
#3 /home/boincadm/projects/proto/html/inc/forum_db.inc(316): BoincDb::get()
#4 /home/boincadm/projects/proto/html/ops/notify.php(39): BoincNotify::delete_aux()
#5 /home/boincadm/projects/proto/html/ops/notify.php(109): delete_old_notifies()
#6 {main}
  thrown in /home/boincadm/projects/proto/html/inc/db_conn.inc on line 40

Fatal error: Uncaught mysqli_sql_exception: No such file or directory in /home/boincadm/projects/proto/html/inc/db_conn.inc:40
Stack trace:
#0 /home/boincadm/projects/proto/html/inc/db_conn.inc(40): mysqli->__construct()
#1 /home/boincadm/projects/proto/html/inc/boinc_db.inc(104): DbConn->init_conn()
#2 /home/boincadm/projects/proto/html/inc/boinc_db.inc(133): BoincDb::get_aux()
#3 /home/boincadm/projects/proto/html/inc/forum_db.inc(316): BoincDb::get()
#4 /home/boincadm/projects/proto/html/ops/notify.php(39): BoincNotify::delete_aux()
#5 /home/boincadm/projects/proto/html/ops/notify.php(109): delete_old_notifies()
#6 {main}
  thrown in /home/boincadm/projects/proto/html/inc/db_conn.inc on line 40

Starting at 16 Mar 2024, 15:30:02 UTC
PHP Fatal error:  Uncaught mysqli_sql_exception: No such file or directory in /home/boincadm/projects/proto/html/inc/db_conn.inc:40
Stack trace:
#0 /home/boincadm/projects/proto/html/inc/db_conn.inc(40): mysqli->__construct()
#1 /home/boincadm/projects/proto/html/inc/boinc_db.inc(104): DbConn->init_conn()
#2 /home/boincadm/projects/proto/html/inc/boinc_db.inc(133): BoincDb::get_aux()
#3 /home/boincadm/projects/proto/html/inc/forum_db.inc(316): BoincDb::get()
#4 /home/boincadm/projects/proto/html/ops/notify.php(39): BoincNotify::delete_aux()
#5 /home/boincadm/projects/proto/html/ops/notify.php(109): delete_old_notifies()
#6 {main}
  thrown in /home/boincadm/projects/proto/html/inc/db_conn.inc on line 40

Fatal error: Uncaught mysqli_sql_exception: No such file or directory in /home/boincadm/projects/proto/html/inc/db_conn.inc:40
Stack trace:
#0 /home/boincadm/projects/proto/html/inc/db_conn.inc(40): mysqli->__construct()
#1 /home/boincadm/projects/proto/html/inc/boinc_db.inc(104): DbConn->init_conn()
#2 /home/boincadm/projects/proto/html/inc/boinc_db.inc(133): BoincDb::get_aux()
#3 /home/boincadm/projects/proto/html/inc/forum_db.inc(316): BoincDb::get()
#4 /home/boincadm/projects/proto/html/ops/notify.php(39): BoincNotify::delete_aux()
#5 /home/boincadm/projects/proto/html/ops/notify.php(109): delete_old_notifies()
#6 {main}
  thrown in /home/boincadm/projects/proto/html/inc/db_conn.inc on line 40
