Fri, 15 Mar 24 15:30:02 +0000: Starting
PHP Fatal error:  Uncaught mysqli_sql_exception: No such file or directory in /home/boincadm/projects/proto/html/inc/db_conn.inc:40
Stack trace:
#0 /home/boincadm/projects/proto/html/inc/db_conn.inc(40): mysqli->__construct()
#1 /home/boincadm/projects/proto/html/inc/boinc_db.inc(104): DbConn->init_conn()
#2 /home/boincadm/projects/proto/html/inc/boinc_db.inc(133): BoincDb::get_aux()
#3 /home/boincadm/projects/proto/html/inc/forum_db.inc(82): BoincDb::get()
#4 /home/boincadm/projects/proto/html/ops/update_forum_activities.php(31): BoincThread::enum()
#5 {main}
  thrown in /home/boincadm/projects/proto/html/inc/db_conn.inc on line 40

Fatal error: Uncaught mysqli_sql_exception: No such file or directory in /home/boincadm/projects/proto/html/inc/db_conn.inc:40
Stack trace:
#0 /home/boincadm/projects/proto/html/inc/db_conn.inc(40): mysqli->__construct()
#1 /home/boincadm/projects/proto/html/inc/boinc_db.inc(104): DbConn->init_conn()
#2 /home/boincadm/projects/proto/html/inc/boinc_db.inc(133): BoincDb::get_aux()
#3 /home/boincadm/projects/proto/html/inc/forum_db.inc(82): BoincDb::get()
#4 /home/boincadm/projects/proto/html/ops/update_forum_activities.php(31): BoincThread::enum()
#5 {main}
  thrown in /home/boincadm/projects/proto/html/inc/db_conn.inc on line 40
Fri, 15 Mar 24 16:30:01 +0000: Starting
PHP Fatal error:  Uncaught mysqli_sql_exception: No such file or directory in /home/boincadm/projects/proto/html/inc/db_conn.inc:40
Stack trace:
#0 /home/boincadm/projects/proto/html/inc/db_conn.inc(40): mysqli->__construct()
#1 /home/boincadm/projects/proto/html/inc/boinc_db.inc(104): DbConn->init_conn()
#2 /home/boincadm/projects/proto/html/inc/boinc_db.inc(133): BoincDb::get_aux()
#3 /home/boincadm/projects/proto/html/inc/forum_db.inc(82): BoincDb::get()
#4 /home/boincadm/projects/proto/html/ops/update_forum_activities.php(31): BoincThread::enum()
#5 {main}
  thrown in /home/boincadm/projects/proto/html/inc/db_conn.inc on line 40

Fatal error: Uncaught mysqli_sql_exception: No such file or directory in /home/boincadm/projects/proto/html/inc/db_conn.inc:40
Stack trace:
#0 /home/boincadm/projects/proto/html/inc/db_conn.inc(40): mysqli->__construct()
#1 /home/boincadm/projects/proto/html/inc/boinc_db.inc(104): DbConn->init_conn()
#2 /home/boincadm/projects/proto/html/inc/boinc_db.inc(133): BoincDb::get_aux()
#3 /home/boincadm/projects/proto/html/inc/forum_db.inc(82): BoincDb::get()
#4 /home/boincadm/projects/proto/html/ops/update_forum_activities.php(31): BoincThread::enum()
#5 {main}
  thrown in /home/boincadm/projects/proto/html/inc/db_conn.inc on line 40
Fri, 15 Mar 24 17:30:02 +0000: Starting
PHP Fatal error:  Uncaught mysqli_sql_exception: No such file or directory in /home/boincadm/projects/proto/html/inc/db_conn.inc:40
Stack trace:
#0 /home/boincadm/projects/proto/html/inc/db_conn.inc(40): mysqli->__construct()
#1 /home/boincadm/projects/proto/html/inc/boinc_db.inc(104): DbConn->init_conn()
#2 /home/boincadm/projects/proto/html/inc/boinc_db.inc(133): BoincDb::get_aux()
#3 /home/boincadm/projects/proto/html/inc/forum_db.inc(82): BoincDb::get()
#4 /home/boincadm/projects/proto/html/ops/update_forum_activities.php(31): BoincThread::enum()
#5 {main}
  thrown in /home/boincadm/projects/proto/html/inc/db_conn.inc on line 40

Fatal error: Uncaught mysqli_sql_exception: No such file or directory in /home/boincadm/projects/proto/html/inc/db_conn.inc:40
Stack trace:
#0 /home/boincadm/projects/proto/html/inc/db_conn.inc(40): mysqli->__construct()
#1 /home/boincadm/projects/proto/html/inc/boinc_db.inc(104): DbConn->init_conn()
#2 /home/boincadm/projects/proto/html/inc/boinc_db.inc(133): BoincDb::get_aux()
#3 /home/boincadm/projects/proto/html/inc/forum_db.inc(82): BoincDb::get()
#4 /home/boincadm/projects/proto/html/ops/update_forum_activities.php(31): BoincThread::enum()
#5 {main}
  thrown in /home/boincadm/projects/proto/html/inc/db_conn.inc on line 40
Fri, 15 Mar 24 18:30:01 +0000: Starting
PHP Fatal error:  Uncaught mysqli_sql_exception: No such file or directory in /home/boincadm/projects/proto/html/inc/db_conn.inc:40
Stack trace:
#0 /home/boincadm/projects/proto/html/inc/db_conn.inc(40): mysqli->__construct()
#1 /home/boincadm/projects/proto/html/inc/boinc_db.inc(104): DbConn->init_conn()
#2 /home/boincadm/projects/proto/html/inc/boinc_db.inc(133): BoincDb::get_aux()
#3 /home/boincadm/projects/proto/html/inc/forum_db.inc(82): BoincDb::get()
#4 /home/boincadm/projects/proto/html/ops/update_forum_activities.php(31): BoincThread::enum()
#5 {main}
  thrown in /home/boincadm/projects/proto/html/inc/db_conn.inc on line 40

Fatal error: Uncaught mysqli_sql_exception: No such file or directory in /home/boincadm/projects/proto/html/inc/db_conn.inc:40
Stack trace:
#0 /home/boincadm/projects/proto/html/inc/db_conn.inc(40): mysqli->__construct()
#1 /home/boincadm/projects/proto/html/inc/boinc_db.inc(104): DbConn->init_conn()
#2 /home/boincadm/projects/proto/html/inc/boinc_db.inc(133): BoincDb::get_aux()
#3 /home/boincadm/projects/proto/html/inc/forum_db.inc(82): BoincDb::get()
#4 /home/boincadm/projects/proto/html/ops/update_forum_activities.php(31): BoincThread::enum()
#5 {main}
  thrown in /home/boincadm/projects/proto/html/inc/db_conn.inc on line 40
Fri, 15 Mar 24 19:30:02 +0000: Starting
PHP Fatal error:  Uncaught mysqli_sql_exception: No such file or directory in /home/boincadm/projects/proto/html/inc/db_conn.inc:40
Stack trace:
#0 /home/boincadm/projects/proto/html/inc/db_conn.inc(40): mysqli->__construct()
#1 /home/boincadm/projects/proto/html/inc/boinc_db.inc(104): DbConn->init_conn()
#2 /home/boincadm/projects/proto/html/inc/boinc_db.inc(133): BoincDb::get_aux()
#3 /home/boincadm/projects/proto/html/inc/forum_db.inc(82): BoincDb::get()
#4 /home/boincadm/projects/proto/html/ops/update_forum_activities.php(31): BoincThread::enum()
#5 {main}
  thrown in /home/boincadm/projects/proto/html/inc/db_conn.inc on line 40

Fatal error: Uncaught mysqli_sql_exception: No such file or directory in /home/boincadm/projects/proto/html/inc/db_conn.inc:40
Stack trace:
#0 /home/boincadm/projects/proto/html/inc/db_conn.inc(40): mysqli->__construct()
#1 /home/boincadm/projects/proto/html/inc/boinc_db.inc(104): DbConn->init_conn()
#2 /home/boincadm/projects/proto/html/inc/boinc_db.inc(133): BoincDb::get_aux()
#3 /home/boincadm/projects/proto/html/inc/forum_db.inc(82): BoincDb::get()
#4 /home/boincadm/projects/proto/html/ops/update_forum_activities.php(31): BoincThread::enum()
#5 {main}
  thrown in /home/boincadm/projects/proto/html/inc/db_conn.inc on line 40
Fri, 15 Mar 24 20:35:02 +0000: Starting
PHP Fatal error:  Uncaught mysqli_sql_exception: No such file or directory in /home/boincadm/projects/proto/html/inc/db_conn.inc:40
Stack trace:
#0 /home/boincadm/projects/proto/html/inc/db_conn.inc(40): mysqli->__construct()
#1 /home/boincadm/projects/proto/html/inc/boinc_db.inc(104): DbConn->init_conn()
#2 /home/boincadm/projects/proto/html/inc/boinc_db.inc(133): BoincDb::get_aux()
#3 /home/boincadm/projects/proto/html/inc/forum_db.inc(82): BoincDb::get()
#4 /home/boincadm/projects/proto/html/ops/update_forum_activities.php(31): BoincThread::enum()
#5 {main}
  thrown in /home/boincadm/projects/proto/html/inc/db_conn.inc on line 40

Fatal error: Uncaught mysqli_sql_exception: No such file or directory in /home/boincadm/projects/proto/html/inc/db_conn.inc:40
Stack trace:
#0 /home/boincadm/projects/proto/html/inc/db_conn.inc(40): mysqli->__construct()
#1 /home/boincadm/projects/proto/html/inc/boinc_db.inc(104): DbConn->init_conn()
#2 /home/boincadm/projects/proto/html/inc/boinc_db.inc(133): BoincDb::get_aux()
#3 /home/boincadm/projects/proto/html/inc/forum_db.inc(82): BoincDb::get()
#4 /home/boincadm/projects/proto/html/ops/update_forum_activities.php(31): BoincThread::enum()
#5 {main}
  thrown in /home/boincadm/projects/proto/html/inc/db_conn.inc on line 40
Fri, 15 Mar 24 21:40:02 +0000: Starting
PHP Fatal error:  Uncaught mysqli_sql_exception: No such file or directory in /home/boincadm/projects/proto/html/inc/db_conn.inc:40
Stack trace:
#0 /home/boincadm/projects/proto/html/inc/db_conn.inc(40): mysqli->__construct()
#1 /home/boincadm/projects/proto/html/inc/boinc_db.inc(104): DbConn->init_conn()
#2 /home/boincadm/projects/proto/html/inc/boinc_db.inc(133): BoincDb::get_aux()
#3 /home/boincadm/projects/proto/html/inc/forum_db.inc(82): BoincDb::get()
#4 /home/boincadm/projects/proto/html/ops/update_forum_activities.php(31): BoincThread::enum()
#5 {main}
  thrown in /home/boincadm/projects/proto/html/inc/db_conn.inc on line 40

Fatal error: Uncaught mysqli_sql_exception: No such file or directory in /home/boincadm/projects/proto/html/inc/db_conn.inc:40
Stack trace:
#0 /home/boincadm/projects/proto/html/inc/db_conn.inc(40): mysqli->__construct()
#1 /home/boincadm/projects/proto/html/inc/boinc_db.inc(104): DbConn->init_conn()
#2 /home/boincadm/projects/proto/html/inc/boinc_db.inc(133): BoincDb::get_aux()
#3 /home/boincadm/projects/proto/html/inc/forum_db.inc(82): BoincDb::get()
#4 /home/boincadm/projects/proto/html/ops/update_forum_activities.php(31): BoincThread::enum()
#5 {main}
  thrown in /home/boincadm/projects/proto/html/inc/db_conn.inc on line 40
Fri, 15 Mar 24 22:40:01 +0000: Starting
PHP Fatal error:  Uncaught mysqli_sql_exception: No such file or directory in /home/boincadm/projects/proto/html/inc/db_conn.inc:40
Stack trace:
#0 /home/boincadm/projects/proto/html/inc/db_conn.inc(40): mysqli->__construct()
#1 /home/boincadm/projects/proto/html/inc/boinc_db.inc(104): DbConn->init_conn()
#2 /home/boincadm/projects/proto/html/inc/boinc_db.inc(133): BoincDb::get_aux()
#3 /home/boincadm/projects/proto/html/inc/forum_db.inc(82): BoincDb::get()
#4 /home/boincadm/projects/proto/html/ops/update_forum_activities.php(31): BoincThread::enum()
#5 {main}
  thrown in /home/boincadm/projects/proto/html/inc/db_conn.inc on line 40

Fatal error: Uncaught mysqli_sql_exception: No such file or directory in /home/boincadm/projects/proto/html/inc/db_conn.inc:40
Stack trace:
#0 /home/boincadm/projects/proto/html/inc/db_conn.inc(40): mysqli->__construct()
#1 /home/boincadm/projects/proto/html/inc/boinc_db.inc(104): DbConn->init_conn()
#2 /home/boincadm/projects/proto/html/inc/boinc_db.inc(133): BoincDb::get_aux()
#3 /home/boincadm/projects/proto/html/inc/forum_db.inc(82): BoincDb::get()
#4 /home/boincadm/projects/proto/html/ops/update_forum_activities.php(31): BoincThread::enum()
#5 {main}
  thrown in /home/boincadm/projects/proto/html/inc/db_conn.inc on line 40
Fri, 15 Mar 24 23:40:01 +0000: Starting
PHP Fatal error:  Uncaught mysqli_sql_exception: No such file or directory in /home/boincadm/projects/proto/html/inc/db_conn.inc:40
Stack trace:
#0 /home/boincadm/projects/proto/html/inc/db_conn.inc(40): mysqli->__construct()
#1 /home/boincadm/projects/proto/html/inc/boinc_db.inc(104): DbConn->init_conn()
#2 /home/boincadm/projects/proto/html/inc/boinc_db.inc(133): BoincDb::get_aux()
#3 /home/boincadm/projects/proto/html/inc/forum_db.inc(82): BoincDb::get()
#4 /home/boincadm/projects/proto/html/ops/update_forum_activities.php(31): BoincThread::enum()
#5 {main}
  thrown in /home/boincadm/projects/proto/html/inc/db_conn.inc on line 40

Fatal error: Uncaught mysqli_sql_exception: No such file or directory in /home/boincadm/projects/proto/html/inc/db_conn.inc:40
Stack trace:
#0 /home/boincadm/projects/proto/html/inc/db_conn.inc(40): mysqli->__construct()
#1 /home/boincadm/projects/proto/html/inc/boinc_db.inc(104): DbConn->init_conn()
#2 /home/boincadm/projects/proto/html/inc/boinc_db.inc(133): BoincDb::get_aux()
#3 /home/boincadm/projects/proto/html/inc/forum_db.inc(82): BoincDb::get()
#4 /home/boincadm/projects/proto/html/ops/update_forum_activities.php(31): BoincThread::enum()
#5 {main}
  thrown in /home/boincadm/projects/proto/html/inc/db_conn.inc on line 40
Sat, 16 Mar 24 00:40:02 +0000: Starting
PHP Fatal error:  Uncaught mysqli_sql_exception: No such file or directory in /home/boincadm/projects/proto/html/inc/db_conn.inc:40
Stack trace:
#0 /home/boincadm/projects/proto/html/inc/db_conn.inc(40): mysqli->__construct()
#1 /home/boincadm/projects/proto/html/inc/boinc_db.inc(104): DbConn->init_conn()
#2 /home/boincadm/projects/proto/html/inc/boinc_db.inc(133): BoincDb::get_aux()
#3 /home/boincadm/projects/proto/html/inc/forum_db.inc(82): BoincDb::get()
#4 /home/boincadm/projects/proto/html/ops/update_forum_activities.php(31): BoincThread::enum()
#5 {main}
  thrown in /home/boincadm/projects/proto/html/inc/db_conn.inc on line 40

Fatal error: Uncaught mysqli_sql_exception: No such file or directory in /home/boincadm/projects/proto/html/inc/db_conn.inc:40
Stack trace:
#0 /home/boincadm/projects/proto/html/inc/db_conn.inc(40): mysqli->__construct()
#1 /home/boincadm/projects/proto/html/inc/boinc_db.inc(104): DbConn->init_conn()
#2 /home/boincadm/projects/proto/html/inc/boinc_db.inc(133): BoincDb::get_aux()
#3 /home/boincadm/projects/proto/html/inc/forum_db.inc(82): BoincDb::get()
#4 /home/boincadm/projects/proto/html/ops/update_forum_activities.php(31): BoincThread::enum()
#5 {main}
  thrown in /home/boincadm/projects/proto/html/inc/db_conn.inc on line 40
Sat, 16 Mar 24 01:40:01 +0000: Starting
PHP Fatal error:  Uncaught mysqli_sql_exception: No such file or directory in /home/boincadm/projects/proto/html/inc/db_conn.inc:40
Stack trace:
#0 /home/boincadm/projects/proto/html/inc/db_conn.inc(40): mysqli->__construct()
#1 /home/boincadm/projects/proto/html/inc/boinc_db.inc(104): DbConn->init_conn()
#2 /home/boincadm/projects/proto/html/inc/boinc_db.inc(133): BoincDb::get_aux()
#3 /home/boincadm/projects/proto/html/inc/forum_db.inc(82): BoincDb::get()
#4 /home/boincadm/projects/proto/html/ops/update_forum_activities.php(31): BoincThread::enum()
#5 {main}
  thrown in /home/boincadm/projects/proto/html/inc/db_conn.inc on line 40

Fatal error: Uncaught mysqli_sql_exception: No such file or directory in /home/boincadm/projects/proto/html/inc/db_conn.inc:40
Stack trace:
#0 /home/boincadm/projects/proto/html/inc/db_conn.inc(40): mysqli->__construct()
#1 /home/boincadm/projects/proto/html/inc/boinc_db.inc(104): DbConn->init_conn()
#2 /home/boincadm/projects/proto/html/inc/boinc_db.inc(133): BoincDb::get_aux()
#3 /home/boincadm/projects/proto/html/inc/forum_db.inc(82): BoincDb::get()
#4 /home/boincadm/projects/proto/html/ops/update_forum_activities.php(31): BoincThread::enum()
#5 {main}
  thrown in /home/boincadm/projects/proto/html/inc/db_conn.inc on line 40
Sat, 16 Mar 24 02:40:01 +0000: Starting
PHP Fatal error:  Uncaught mysqli_sql_exception: No such file or directory in /home/boincadm/projects/proto/html/inc/db_conn.inc:40
Stack trace:
#0 /home/boincadm/projects/proto/html/inc/db_conn.inc(40): mysqli->__construct()
#1 /home/boincadm/projects/proto/html/inc/boinc_db.inc(104): DbConn->init_conn()
#2 /home/boincadm/projects/proto/html/inc/boinc_db.inc(133): BoincDb::get_aux()
#3 /home/boincadm/projects/proto/html/inc/forum_db.inc(82): BoincDb::get()
#4 /home/boincadm/projects/proto/html/ops/update_forum_activities.php(31): BoincThread::enum()
#5 {main}
  thrown in /home/boincadm/projects/proto/html/inc/db_conn.inc on line 40

Fatal error: Uncaught mysqli_sql_exception: No such file or directory in /home/boincadm/projects/proto/html/inc/db_conn.inc:40
Stack trace:
#0 /home/boincadm/projects/proto/html/inc/db_conn.inc(40): mysqli->__construct()
#1 /home/boincadm/projects/proto/html/inc/boinc_db.inc(104): DbConn->init_conn()
#2 /home/boincadm/projects/proto/html/inc/boinc_db.inc(133): BoincDb::get_aux()
#3 /home/boincadm/projects/proto/html/inc/forum_db.inc(82): BoincDb::get()
#4 /home/boincadm/projects/proto/html/ops/update_forum_activities.php(31): BoincThread::enum()
#5 {main}
  thrown in /home/boincadm/projects/proto/html/inc/db_conn.inc on line 40
Sat, 16 Mar 24 03:40:01 +0000: Starting
PHP Fatal error:  Uncaught mysqli_sql_exception: No such file or directory in /home/boincadm/projects/proto/html/inc/db_conn.inc:40
Stack trace:
#0 /home/boincadm/projects/proto/html/inc/db_conn.inc(40): mysqli->__construct()
#1 /home/boincadm/projects/proto/html/inc/boinc_db.inc(104): DbConn->init_conn()
#2 /home/boincadm/projects/proto/html/inc/boinc_db.inc(133): BoincDb::get_aux()
#3 /home/boincadm/projects/proto/html/inc/forum_db.inc(82): BoincDb::get()
#4 /home/boincadm/projects/proto/html/ops/update_forum_activities.php(31): BoincThread::enum()
#5 {main}
  thrown in /home/boincadm/projects/proto/html/inc/db_conn.inc on line 40

Fatal error: Uncaught mysqli_sql_exception: No such file or directory in /home/boincadm/projects/proto/html/inc/db_conn.inc:40
Stack trace:
#0 /home/boincadm/projects/proto/html/inc/db_conn.inc(40): mysqli->__construct()
#1 /home/boincadm/projects/proto/html/inc/boinc_db.inc(104): DbConn->init_conn()
#2 /home/boincadm/projects/proto/html/inc/boinc_db.inc(133): BoincDb::get_aux()
#3 /home/boincadm/projects/proto/html/inc/forum_db.inc(82): BoincDb::get()
#4 /home/boincadm/projects/proto/html/ops/update_forum_activities.php(31): BoincThread::enum()
#5 {main}
  thrown in /home/boincadm/projects/proto/html/inc/db_conn.inc on line 40
Sat, 16 Mar 24 04:40:01 +0000: Starting
PHP Fatal error:  Uncaught mysqli_sql_exception: No such file or directory in /home/boincadm/projects/proto/html/inc/db_conn.inc:40
Stack trace:
#0 /home/boincadm/projects/proto/html/inc/db_conn.inc(40): mysqli->__construct()
#1 /home/boincadm/projects/proto/html/inc/boinc_db.inc(104): DbConn->init_conn()
#2 /home/boincadm/projects/proto/html/inc/boinc_db.inc(133): BoincDb::get_aux()
#3 /home/boincadm/projects/proto/html/inc/forum_db.inc(82): BoincDb::get()
#4 /home/boincadm/projects/proto/html/ops/update_forum_activities.php(31): BoincThread::enum()
#5 {main}
  thrown in /home/boincadm/projects/proto/html/inc/db_conn.inc on line 40

Fatal error: Uncaught mysqli_sql_exception: No such file or directory in /home/boincadm/projects/proto/html/inc/db_conn.inc:40
Stack trace:
#0 /home/boincadm/projects/proto/html/inc/db_conn.inc(40): mysqli->__construct()
#1 /home/boincadm/projects/proto/html/inc/boinc_db.inc(104): DbConn->init_conn()
#2 /home/boincadm/projects/proto/html/inc/boinc_db.inc(133): BoincDb::get_aux()
#3 /home/boincadm/projects/proto/html/inc/forum_db.inc(82): BoincDb::get()
#4 /home/boincadm/projects/proto/html/ops/update_forum_activities.php(31): BoincThread::enum()
#5 {main}
  thrown in /home/boincadm/projects/proto/html/inc/db_conn.inc on line 40
Sat, 16 Mar 24 05:40:02 +0000: Starting
PHP Fatal error:  Uncaught mysqli_sql_exception: No such file or directory in /home/boincadm/projects/proto/html/inc/db_conn.inc:40
Stack trace:
#0 /home/boincadm/projects/proto/html/inc/db_conn.inc(40): mysqli->__construct()
#1 /home/boincadm/projects/proto/html/inc/boinc_db.inc(104): DbConn->init_conn()
#2 /home/boincadm/projects/proto/html/inc/boinc_db.inc(133): BoincDb::get_aux()
#3 /home/boincadm/projects/proto/html/inc/forum_db.inc(82): BoincDb::get()
#4 /home/boincadm/projects/proto/html/ops/update_forum_activities.php(31): BoincThread::enum()
#5 {main}
  thrown in /home/boincadm/projects/proto/html/inc/db_conn.inc on line 40

Fatal error: Uncaught mysqli_sql_exception: No such file or directory in /home/boincadm/projects/proto/html/inc/db_conn.inc:40
Stack trace:
#0 /home/boincadm/projects/proto/html/inc/db_conn.inc(40): mysqli->__construct()
#1 /home/boincadm/projects/proto/html/inc/boinc_db.inc(104): DbConn->init_conn()
#2 /home/boincadm/projects/proto/html/inc/boinc_db.inc(133): BoincDb::get_aux()
#3 /home/boincadm/projects/proto/html/inc/forum_db.inc(82): BoincDb::get()
#4 /home/boincadm/projects/proto/html/ops/update_forum_activities.php(31): BoincThread::enum()
#5 {main}
  thrown in /home/boincadm/projects/proto/html/inc/db_conn.inc on line 40
Sat, 16 Mar 24 06:40:01 +0000: Starting
PHP Fatal error:  Uncaught mysqli_sql_exception: No such file or directory in /home/boincadm/projects/proto/html/inc/db_conn.inc:40
Stack trace:
#0 /home/boincadm/projects/proto/html/inc/db_conn.inc(40): mysqli->__construct()
#1 /home/boincadm/projects/proto/html/inc/boinc_db.inc(104): DbConn->init_conn()
#2 /home/boincadm/projects/proto/html/inc/boinc_db.inc(133): BoincDb::get_aux()
#3 /home/boincadm/projects/proto/html/inc/forum_db.inc(82): BoincDb::get()
#4 /home/boincadm/projects/proto/html/ops/update_forum_activities.php(31): BoincThread::enum()
#5 {main}
  thrown in /home/boincadm/projects/proto/html/inc/db_conn.inc on line 40

Fatal error: Uncaught mysqli_sql_exception: No such file or directory in /home/boincadm/projects/proto/html/inc/db_conn.inc:40
Stack trace:
#0 /home/boincadm/projects/proto/html/inc/db_conn.inc(40): mysqli->__construct()
#1 /home/boincadm/projects/proto/html/inc/boinc_db.inc(104): DbConn->init_conn()
#2 /home/boincadm/projects/proto/html/inc/boinc_db.inc(133): BoincDb::get_aux()
#3 /home/boincadm/projects/proto/html/inc/forum_db.inc(82): BoincDb::get()
#4 /home/boincadm/projects/proto/html/ops/update_forum_activities.php(31): BoincThread::enum()
#5 {main}
  thrown in /home/boincadm/projects/proto/html/inc/db_conn.inc on line 40
Sat, 16 Mar 24 07:40:01 +0000: Starting
PHP Fatal error:  Uncaught mysqli_sql_exception: No such file or directory in /home/boincadm/projects/proto/html/inc/db_conn.inc:40
Stack trace:
#0 /home/boincadm/projects/proto/html/inc/db_conn.inc(40): mysqli->__construct()
#1 /home/boincadm/projects/proto/html/inc/boinc_db.inc(104): DbConn->init_conn()
#2 /home/boincadm/projects/proto/html/inc/boinc_db.inc(133): BoincDb::get_aux()
#3 /home/boincadm/projects/proto/html/inc/forum_db.inc(82): BoincDb::get()
#4 /home/boincadm/projects/proto/html/ops/update_forum_activities.php(31): BoincThread::enum()
#5 {main}
  thrown in /home/boincadm/projects/proto/html/inc/db_conn.inc on line 40

Fatal error: Uncaught mysqli_sql_exception: No such file or directory in /home/boincadm/projects/proto/html/inc/db_conn.inc:40
Stack trace:
#0 /home/boincadm/projects/proto/html/inc/db_conn.inc(40): mysqli->__construct()
#1 /home/boincadm/projects/proto/html/inc/boinc_db.inc(104): DbConn->init_conn()
#2 /home/boincadm/projects/proto/html/inc/boinc_db.inc(133): BoincDb::get_aux()
#3 /home/boincadm/projects/proto/html/inc/forum_db.inc(82): BoincDb::get()
#4 /home/boincadm/projects/proto/html/ops/update_forum_activities.php(31): BoincThread::enum()
#5 {main}
  thrown in /home/boincadm/projects/proto/html/inc/db_conn.inc on line 40
Sat, 16 Mar 24 08:40:02 +0000: Starting
PHP Fatal error:  Uncaught mysqli_sql_exception: No such file or directory in /home/boincadm/projects/proto/html/inc/db_conn.inc:40
Stack trace:
#0 /home/boincadm/projects/proto/html/inc/db_conn.inc(40): mysqli->__construct()
#1 /home/boincadm/projects/proto/html/inc/boinc_db.inc(104): DbConn->init_conn()
#2 /home/boincadm/projects/proto/html/inc/boinc_db.inc(133): BoincDb::get_aux()
#3 /home/boincadm/projects/proto/html/inc/forum_db.inc(82): BoincDb::get()
#4 /home/boincadm/projects/proto/html/ops/update_forum_activities.php(31): BoincThread::enum()
#5 {main}
  thrown in /home/boincadm/projects/proto/html/inc/db_conn.inc on line 40

Fatal error: Uncaught mysqli_sql_exception: No such file or directory in /home/boincadm/projects/proto/html/inc/db_conn.inc:40
Stack trace:
#0 /home/boincadm/projects/proto/html/inc/db_conn.inc(40): mysqli->__construct()
#1 /home/boincadm/projects/proto/html/inc/boinc_db.inc(104): DbConn->init_conn()
#2 /home/boincadm/projects/proto/html/inc/boinc_db.inc(133): BoincDb::get_aux()
#3 /home/boincadm/projects/proto/html/inc/forum_db.inc(82): BoincDb::get()
#4 /home/boincadm/projects/proto/html/ops/update_forum_activities.php(31): BoincThread::enum()
#5 {main}
  thrown in /home/boincadm/projects/proto/html/inc/db_conn.inc on line 40
Sat, 16 Mar 24 09:40:02 +0000: Starting
PHP Fatal error:  Uncaught mysqli_sql_exception: No such file or directory in /home/boincadm/projects/proto/html/inc/db_conn.inc:40
Stack trace:
#0 /home/boincadm/projects/proto/html/inc/db_conn.inc(40): mysqli->__construct()
#1 /home/boincadm/projects/proto/html/inc/boinc_db.inc(104): DbConn->init_conn()
#2 /home/boincadm/projects/proto/html/inc/boinc_db.inc(133): BoincDb::get_aux()
#3 /home/boincadm/projects/proto/html/inc/forum_db.inc(82): BoincDb::get()
#4 /home/boincadm/projects/proto/html/ops/update_forum_activities.php(31): BoincThread::enum()
#5 {main}
  thrown in /home/boincadm/projects/proto/html/inc/db_conn.inc on line 40

Fatal error: Uncaught mysqli_sql_exception: No such file or directory in /home/boincadm/projects/proto/html/inc/db_conn.inc:40
Stack trace:
#0 /home/boincadm/projects/proto/html/inc/db_conn.inc(40): mysqli->__construct()
#1 /home/boincadm/projects/proto/html/inc/boinc_db.inc(104): DbConn->init_conn()
#2 /home/boincadm/projects/proto/html/inc/boinc_db.inc(133): BoincDb::get_aux()
#3 /home/boincadm/projects/proto/html/inc/forum_db.inc(82): BoincDb::get()
#4 /home/boincadm/projects/proto/html/ops/update_forum_activities.php(31): BoincThread::enum()
#5 {main}
  thrown in /home/boincadm/projects/proto/html/inc/db_conn.inc on line 40
Sat, 16 Mar 24 10:40:01 +0000: Starting
PHP Fatal error:  Uncaught mysqli_sql_exception: No such file or directory in /home/boincadm/projects/proto/html/inc/db_conn.inc:40
Stack trace:
#0 /home/boincadm/projects/proto/html/inc/db_conn.inc(40): mysqli->__construct()
#1 /home/boincadm/projects/proto/html/inc/boinc_db.inc(104): DbConn->init_conn()
#2 /home/boincadm/projects/proto/html/inc/boinc_db.inc(133): BoincDb::get_aux()
#3 /home/boincadm/projects/proto/html/inc/forum_db.inc(82): BoincDb::get()
#4 /home/boincadm/projects/proto/html/ops/update_forum_activities.php(31): BoincThread::enum()
#5 {main}
  thrown in /home/boincadm/projects/proto/html/inc/db_conn.inc on line 40

Fatal error: Uncaught mysqli_sql_exception: No such file or directory in /home/boincadm/projects/proto/html/inc/db_conn.inc:40
Stack trace:
#0 /home/boincadm/projects/proto/html/inc/db_conn.inc(40): mysqli->__construct()
#1 /home/boincadm/projects/proto/html/inc/boinc_db.inc(104): DbConn->init_conn()
#2 /home/boincadm/projects/proto/html/inc/boinc_db.inc(133): BoincDb::get_aux()
#3 /home/boincadm/projects/proto/html/inc/forum_db.inc(82): BoincDb::get()
#4 /home/boincadm/projects/proto/html/ops/update_forum_activities.php(31): BoincThread::enum()
#5 {main}
  thrown in /home/boincadm/projects/proto/html/inc/db_conn.inc on line 40
Sat, 16 Mar 24 11:40:02 +0000: Starting
PHP Fatal error:  Uncaught mysqli_sql_exception: No such file or directory in /home/boincadm/projects/proto/html/inc/db_conn.inc:40
Stack trace:
#0 /home/boincadm/projects/proto/html/inc/db_conn.inc(40): mysqli->__construct()
#1 /home/boincadm/projects/proto/html/inc/boinc_db.inc(104): DbConn->init_conn()
#2 /home/boincadm/projects/proto/html/inc/boinc_db.inc(133): BoincDb::get_aux()
#3 /home/boincadm/projects/proto/html/inc/forum_db.inc(82): BoincDb::get()
#4 /home/boincadm/projects/proto/html/ops/update_forum_activities.php(31): BoincThread::enum()
#5 {main}
  thrown in /home/boincadm/projects/proto/html/inc/db_conn.inc on line 40

Fatal error: Uncaught mysqli_sql_exception: No such file or directory in /home/boincadm/projects/proto/html/inc/db_conn.inc:40
Stack trace:
#0 /home/boincadm/projects/proto/html/inc/db_conn.inc(40): mysqli->__construct()
#1 /home/boincadm/projects/proto/html/inc/boinc_db.inc(104): DbConn->init_conn()
#2 /home/boincadm/projects/proto/html/inc/boinc_db.inc(133): BoincDb::get_aux()
#3 /home/boincadm/projects/proto/html/inc/forum_db.inc(82): BoincDb::get()
#4 /home/boincadm/projects/proto/html/ops/update_forum_activities.php(31): BoincThread::enum()
#5 {main}
  thrown in /home/boincadm/projects/proto/html/inc/db_conn.inc on line 40
Sat, 16 Mar 24 12:40:01 +0000: Starting
PHP Fatal error:  Uncaught mysqli_sql_exception: No such file or directory in /home/boincadm/projects/proto/html/inc/db_conn.inc:40
Stack trace:
#0 /home/boincadm/projects/proto/html/inc/db_conn.inc(40): mysqli->__construct()
#1 /home/boincadm/projects/proto/html/inc/boinc_db.inc(104): DbConn->init_conn()
#2 /home/boincadm/projects/proto/html/inc/boinc_db.inc(133): BoincDb::get_aux()
#3 /home/boincadm/projects/proto/html/inc/forum_db.inc(82): BoincDb::get()
#4 /home/boincadm/projects/proto/html/ops/update_forum_activities.php(31): BoincThread::enum()
#5 {main}
  thrown in /home/boincadm/projects/proto/html/inc/db_conn.inc on line 40

Fatal error: Uncaught mysqli_sql_exception: No such file or directory in /home/boincadm/projects/proto/html/inc/db_conn.inc:40
Stack trace:
#0 /home/boincadm/projects/proto/html/inc/db_conn.inc(40): mysqli->__construct()
#1 /home/boincadm/projects/proto/html/inc/boinc_db.inc(104): DbConn->init_conn()
#2 /home/boincadm/projects/proto/html/inc/boinc_db.inc(133): BoincDb::get_aux()
#3 /home/boincadm/projects/proto/html/inc/forum_db.inc(82): BoincDb::get()
#4 /home/boincadm/projects/proto/html/ops/update_forum_activities.php(31): BoincThread::enum()
#5 {main}
  thrown in /home/boincadm/projects/proto/html/inc/db_conn.inc on line 40
Sat, 16 Mar 24 13:40:01 +0000: Starting
PHP Fatal error:  Uncaught mysqli_sql_exception: No such file or directory in /home/boincadm/projects/proto/html/inc/db_conn.inc:40
Stack trace:
#0 /home/boincadm/projects/proto/html/inc/db_conn.inc(40): mysqli->__construct()
#1 /home/boincadm/projects/proto/html/inc/boinc_db.inc(104): DbConn->init_conn()
#2 /home/boincadm/projects/proto/html/inc/boinc_db.inc(133): BoincDb::get_aux()
#3 /home/boincadm/projects/proto/html/inc/forum_db.inc(82): BoincDb::get()
#4 /home/boincadm/projects/proto/html/ops/update_forum_activities.php(31): BoincThread::enum()
#5 {main}
  thrown in /home/boincadm/projects/proto/html/inc/db_conn.inc on line 40

Fatal error: Uncaught mysqli_sql_exception: No such file or directory in /home/boincadm/projects/proto/html/inc/db_conn.inc:40
Stack trace:
#0 /home/boincadm/projects/proto/html/inc/db_conn.inc(40): mysqli->__construct()
#1 /home/boincadm/projects/proto/html/inc/boinc_db.inc(104): DbConn->init_conn()
#2 /home/boincadm/projects/proto/html/inc/boinc_db.inc(133): BoincDb::get_aux()
#3 /home/boincadm/projects/proto/html/inc/forum_db.inc(82): BoincDb::get()
#4 /home/boincadm/projects/proto/html/ops/update_forum_activities.php(31): BoincThread::enum()
#5 {main}
  thrown in /home/boincadm/projects/proto/html/inc/db_conn.inc on line 40
Sat, 16 Mar 24 14:40:01 +0000: Starting
PHP Fatal error:  Uncaught mysqli_sql_exception: No such file or directory in /home/boincadm/projects/proto/html/inc/db_conn.inc:40
Stack trace:
#0 /home/boincadm/projects/proto/html/inc/db_conn.inc(40): mysqli->__construct()
#1 /home/boincadm/projects/proto/html/inc/boinc_db.inc(104): DbConn->init_conn()
#2 /home/boincadm/projects/proto/html/inc/boinc_db.inc(133): BoincDb::get_aux()
#3 /home/boincadm/projects/proto/html/inc/forum_db.inc(82): BoincDb::get()
#4 /home/boincadm/projects/proto/html/ops/update_forum_activities.php(31): BoincThread::enum()
#5 {main}
  thrown in /home/boincadm/projects/proto/html/inc/db_conn.inc on line 40

Fatal error: Uncaught mysqli_sql_exception: No such file or directory in /home/boincadm/projects/proto/html/inc/db_conn.inc:40
Stack trace:
#0 /home/boincadm/projects/proto/html/inc/db_conn.inc(40): mysqli->__construct()
#1 /home/boincadm/projects/proto/html/inc/boinc_db.inc(104): DbConn->init_conn()
#2 /home/boincadm/projects/proto/html/inc/boinc_db.inc(133): BoincDb::get_aux()
#3 /home/boincadm/projects/proto/html/inc/forum_db.inc(82): BoincDb::get()
#4 /home/boincadm/projects/proto/html/ops/update_forum_activities.php(31): BoincThread::enum()
#5 {main}
  thrown in /home/boincadm/projects/proto/html/inc/db_conn.inc on line 40
Sat, 16 Mar 24 15:40:01 +0000: Starting
PHP Fatal error:  Uncaught mysqli_sql_exception: No such file or directory in /home/boincadm/projects/proto/html/inc/db_conn.inc:40
Stack trace:
#0 /home/boincadm/projects/proto/html/inc/db_conn.inc(40): mysqli->__construct()
#1 /home/boincadm/projects/proto/html/inc/boinc_db.inc(104): DbConn->init_conn()
#2 /home/boincadm/projects/proto/html/inc/boinc_db.inc(133): BoincDb::get_aux()
#3 /home/boincadm/projects/proto/html/inc/forum_db.inc(82): BoincDb::get()
#4 /home/boincadm/projects/proto/html/ops/update_forum_activities.php(31): BoincThread::enum()
#5 {main}
  thrown in /home/boincadm/projects/proto/html/inc/db_conn.inc on line 40

Fatal error: Uncaught mysqli_sql_exception: No such file or directory in /home/boincadm/projects/proto/html/inc/db_conn.inc:40
Stack trace:
#0 /home/boincadm/projects/proto/html/inc/db_conn.inc(40): mysqli->__construct()
#1 /home/boincadm/projects/proto/html/inc/boinc_db.inc(104): DbConn->init_conn()
#2 /home/boincadm/projects/proto/html/inc/boinc_db.inc(133): BoincDb::get_aux()
#3 /home/boincadm/projects/proto/html/inc/forum_db.inc(82): BoincDb::get()
#4 /home/boincadm/projects/proto/html/ops/update_forum_activities.php(31): BoincThread::enum()
#5 {main}
  thrown in /home/boincadm/projects/proto/html/inc/db_conn.inc on line 40
Sat, 16 Mar 24 16:40:02 +0000: Starting
PHP Fatal error:  Uncaught mysqli_sql_exception: No such file or directory in /home/boincadm/projects/proto/html/inc/db_conn.inc:40
Stack trace:
#0 /home/boincadm/projects/proto/html/inc/db_conn.inc(40): mysqli->__construct()
#1 /home/boincadm/projects/proto/html/inc/boinc_db.inc(104): DbConn->init_conn()
#2 /home/boincadm/projects/proto/html/inc/boinc_db.inc(133): BoincDb::get_aux()
#3 /home/boincadm/projects/proto/html/inc/forum_db.inc(82): BoincDb::get()
#4 /home/boincadm/projects/proto/html/ops/update_forum_activities.php(31): BoincThread::enum()
#5 {main}
  thrown in /home/boincadm/projects/proto/html/inc/db_conn.inc on line 40

Fatal error: Uncaught mysqli_sql_exception: No such file or directory in /home/boincadm/projects/proto/html/inc/db_conn.inc:40
Stack trace:
#0 /home/boincadm/projects/proto/html/inc/db_conn.inc(40): mysqli->__construct()
#1 /home/boincadm/projects/proto/html/inc/boinc_db.inc(104): DbConn->init_conn()
#2 /home/boincadm/projects/proto/html/inc/boinc_db.inc(133): BoincDb::get_aux()
#3 /home/boincadm/projects/proto/html/inc/forum_db.inc(82): BoincDb::get()
#4 /home/boincadm/projects/proto/html/ops/update_forum_activities.php(31): BoincThread::enum()
#5 {main}
  thrown in /home/boincadm/projects/proto/html/inc/db_conn.inc on line 40
Sat, 16 Mar 24 17:45:02 +0000: Starting
PHP Fatal error:  Uncaught mysqli_sql_exception: No such file or directory in /home/boincadm/projects/proto/html/inc/db_conn.inc:40
Stack trace:
#0 /home/boincadm/projects/proto/html/inc/db_conn.inc(40): mysqli->__construct()
#1 /home/boincadm/projects/proto/html/inc/boinc_db.inc(104): DbConn->init_conn()
#2 /home/boincadm/projects/proto/html/inc/boinc_db.inc(133): BoincDb::get_aux()
#3 /home/boincadm/projects/proto/html/inc/forum_db.inc(82): BoincDb::get()
#4 /home/boincadm/projects/proto/html/ops/update_forum_activities.php(31): BoincThread::enum()
#5 {main}
  thrown in /home/boincadm/projects/proto/html/inc/db_conn.inc on line 40

Fatal error: Uncaught mysqli_sql_exception: No such file or directory in /home/boincadm/projects/proto/html/inc/db_conn.inc:40
Stack trace:
#0 /home/boincadm/projects/proto/html/inc/db_conn.inc(40): mysqli->__construct()
#1 /home/boincadm/projects/proto/html/inc/boinc_db.inc(104): DbConn->init_conn()
#2 /home/boincadm/projects/proto/html/inc/boinc_db.inc(133): BoincDb::get_aux()
#3 /home/boincadm/projects/proto/html/inc/forum_db.inc(82): BoincDb::get()
#4 /home/boincadm/projects/proto/html/ops/update_forum_activities.php(31): BoincThread::enum()
#5 {main}
  thrown in /home/boincadm/projects/proto/html/inc/db_conn.inc on line 40
Sat, 16 Mar 24 18:45:02 +0000: Starting
PHP Fatal error:  Uncaught mysqli_sql_exception: No such file or directory in /home/boincadm/projects/proto/html/inc/db_conn.inc:40
Stack trace:
#0 /home/boincadm/projects/proto/html/inc/db_conn.inc(40): mysqli->__construct()
#1 /home/boincadm/projects/proto/html/inc/boinc_db.inc(104): DbConn->init_conn()
#2 /home/boincadm/projects/proto/html/inc/boinc_db.inc(133): BoincDb::get_aux()
#3 /home/boincadm/projects/proto/html/inc/forum_db.inc(82): BoincDb::get()
#4 /home/boincadm/projects/proto/html/ops/update_forum_activities.php(31): BoincThread::enum()
#5 {main}
  thrown in /home/boincadm/projects/proto/html/inc/db_conn.inc on line 40

Fatal error: Uncaught mysqli_sql_exception: No such file or directory in /home/boincadm/projects/proto/html/inc/db_conn.inc:40
Stack trace:
#0 /home/boincadm/projects/proto/html/inc/db_conn.inc(40): mysqli->__construct()
#1 /home/boincadm/projects/proto/html/inc/boinc_db.inc(104): DbConn->init_conn()
#2 /home/boincadm/projects/proto/html/inc/boinc_db.inc(133): BoincDb::get_aux()
#3 /home/boincadm/projects/proto/html/inc/forum_db.inc(82): BoincDb::get()
#4 /home/boincadm/projects/proto/html/ops/update_forum_activities.php(31): BoincThread::enum()
#5 {main}
  thrown in /home/boincadm/projects/proto/html/inc/db_conn.inc on line 40
Sat, 16 Mar 24 19:45:01 +0000: Starting
PHP Fatal error:  Uncaught mysqli_sql_exception: No such file or directory in /home/boincadm/projects/proto/html/inc/db_conn.inc:40
Stack trace:
#0 /home/boincadm/projects/proto/html/inc/db_conn.inc(40): mysqli->__construct()
#1 /home/boincadm/projects/proto/html/inc/boinc_db.inc(104): DbConn->init_conn()
#2 /home/boincadm/projects/proto/html/inc/boinc_db.inc(133): BoincDb::get_aux()
#3 /home/boincadm/projects/proto/html/inc/forum_db.inc(82): BoincDb::get()
#4 /home/boincadm/projects/proto/html/ops/update_forum_activities.php(31): BoincThread::enum()
#5 {main}
  thrown in /home/boincadm/projects/proto/html/inc/db_conn.inc on line 40

Fatal error: Uncaught mysqli_sql_exception: No such file or directory in /home/boincadm/projects/proto/html/inc/db_conn.inc:40
Stack trace:
#0 /home/boincadm/projects/proto/html/inc/db_conn.inc(40): mysqli->__construct()
#1 /home/boincadm/projects/proto/html/inc/boinc_db.inc(104): DbConn->init_conn()
#2 /home/boincadm/projects/proto/html/inc/boinc_db.inc(133): BoincDb::get_aux()
#3 /home/boincadm/projects/proto/html/inc/forum_db.inc(82): BoincDb::get()
#4 /home/boincadm/projects/proto/html/ops/update_forum_activities.php(31): BoincThread::enum()
#5 {main}
  thrown in /home/boincadm/projects/proto/html/inc/db_conn.inc on line 40
Sat, 16 Mar 24 20:45:01 +0000: Starting
PHP Fatal error:  Uncaught mysqli_sql_exception: No such file or directory in /home/boincadm/projects/proto/html/inc/db_conn.inc:40
Stack trace:
#0 /home/boincadm/projects/proto/html/inc/db_conn.inc(40): mysqli->__construct()
#1 /home/boincadm/projects/proto/html/inc/boinc_db.inc(104): DbConn->init_conn()
#2 /home/boincadm/projects/proto/html/inc/boinc_db.inc(133): BoincDb::get_aux()
#3 /home/boincadm/projects/proto/html/inc/forum_db.inc(82): BoincDb::get()
#4 /home/boincadm/projects/proto/html/ops/update_forum_activities.php(31): BoincThread::enum()
#5 {main}
  thrown in /home/boincadm/projects/proto/html/inc/db_conn.inc on line 40

Fatal error: Uncaught mysqli_sql_exception: No such file or directory in /home/boincadm/projects/proto/html/inc/db_conn.inc:40
Stack trace:
#0 /home/boincadm/projects/proto/html/inc/db_conn.inc(40): mysqli->__construct()
#1 /home/boincadm/projects/proto/html/inc/boinc_db.inc(104): DbConn->init_conn()
#2 /home/boincadm/projects/proto/html/inc/boinc_db.inc(133): BoincDb::get_aux()
#3 /home/boincadm/projects/proto/html/inc/forum_db.inc(82): BoincDb::get()
#4 /home/boincadm/projects/proto/html/ops/update_forum_activities.php(31): BoincThread::enum()
#5 {main}
  thrown in /home/boincadm/projects/proto/html/inc/db_conn.inc on line 40
Sat, 16 Mar 24 21:45:02 +0000: Starting
PHP Fatal error:  Uncaught mysqli_sql_exception: No such file or directory in /home/boincadm/projects/proto/html/inc/db_conn.inc:40
Stack trace:
#0 /home/boincadm/projects/proto/html/inc/db_conn.inc(40): mysqli->__construct()
#1 /home/boincadm/projects/proto/html/inc/boinc_db.inc(104): DbConn->init_conn()
#2 /home/boincadm/projects/proto/html/inc/boinc_db.inc(133): BoincDb::get_aux()
#3 /home/boincadm/projects/proto/html/inc/forum_db.inc(82): BoincDb::get()
#4 /home/boincadm/projects/proto/html/ops/update_forum_activities.php(31): BoincThread::enum()
#5 {main}
  thrown in /home/boincadm/projects/proto/html/inc/db_conn.inc on line 40

Fatal error: Uncaught mysqli_sql_exception: No such file or directory in /home/boincadm/projects/proto/html/inc/db_conn.inc:40
Stack trace:
#0 /home/boincadm/projects/proto/html/inc/db_conn.inc(40): mysqli->__construct()
#1 /home/boincadm/projects/proto/html/inc/boinc_db.inc(104): DbConn->init_conn()
#2 /home/boincadm/projects/proto/html/inc/boinc_db.inc(133): BoincDb::get_aux()
#3 /home/boincadm/projects/proto/html/inc/forum_db.inc(82): BoincDb::get()
#4 /home/boincadm/projects/proto/html/ops/update_forum_activities.php(31): BoincThread::enum()
#5 {main}
  thrown in /home/boincadm/projects/proto/html/inc/db_conn.inc on line 40
Sat, 16 Mar 24 22:45:01 +0000: Starting
PHP Fatal error:  Uncaught mysqli_sql_exception: No such file or directory in /home/boincadm/projects/proto/html/inc/db_conn.inc:40
Stack trace:
#0 /home/boincadm/projects/proto/html/inc/db_conn.inc(40): mysqli->__construct()
#1 /home/boincadm/projects/proto/html/inc/boinc_db.inc(104): DbConn->init_conn()
#2 /home/boincadm/projects/proto/html/inc/boinc_db.inc(133): BoincDb::get_aux()
#3 /home/boincadm/projects/proto/html/inc/forum_db.inc(82): BoincDb::get()
#4 /home/boincadm/projects/proto/html/ops/update_forum_activities.php(31): BoincThread::enum()
#5 {main}
  thrown in /home/boincadm/projects/proto/html/inc/db_conn.inc on line 40

Fatal error: Uncaught mysqli_sql_exception: No such file or directory in /home/boincadm/projects/proto/html/inc/db_conn.inc:40
Stack trace:
#0 /home/boincadm/projects/proto/html/inc/db_conn.inc(40): mysqli->__construct()
#1 /home/boincadm/projects/proto/html/inc/boinc_db.inc(104): DbConn->init_conn()
#2 /home/boincadm/projects/proto/html/inc/boinc_db.inc(133): BoincDb::get_aux()
#3 /home/boincadm/projects/proto/html/inc/forum_db.inc(82): BoincDb::get()
#4 /home/boincadm/projects/proto/html/ops/update_forum_activities.php(31): BoincThread::enum()
#5 {main}
  thrown in /home/boincadm/projects/proto/html/inc/db_conn.inc on line 40
Sat, 16 Mar 24 23:45:02 +0000: Starting
PHP Fatal error:  Uncaught mysqli_sql_exception: No such file or directory in /home/boincadm/projects/proto/html/inc/db_conn.inc:40
Stack trace:
#0 /home/boincadm/projects/proto/html/inc/db_conn.inc(40): mysqli->__construct()
#1 /home/boincadm/projects/proto/html/inc/boinc_db.inc(104): DbConn->init_conn()
#2 /home/boincadm/projects/proto/html/inc/boinc_db.inc(133): BoincDb::get_aux()
#3 /home/boincadm/projects/proto/html/inc/forum_db.inc(82): BoincDb::get()
#4 /home/boincadm/projects/proto/html/ops/update_forum_activities.php(31): BoincThread::enum()
#5 {main}
  thrown in /home/boincadm/projects/proto/html/inc/db_conn.inc on line 40

Fatal error: Uncaught mysqli_sql_exception: No such file or directory in /home/boincadm/projects/proto/html/inc/db_conn.inc:40
Stack trace:
#0 /home/boincadm/projects/proto/html/inc/db_conn.inc(40): mysqli->__construct()
#1 /home/boincadm/projects/proto/html/inc/boinc_db.inc(104): DbConn->init_conn()
#2 /home/boincadm/projects/proto/html/inc/boinc_db.inc(133): BoincDb::get_aux()
#3 /home/boincadm/projects/proto/html/inc/forum_db.inc(82): BoincDb::get()
#4 /home/boincadm/projects/proto/html/ops/update_forum_activities.php(31): BoincThread::enum()
#5 {main}
  thrown in /home/boincadm/projects/proto/html/inc/db_conn.inc on line 40
Sun, 17 Mar 24 00:50:02 +0000: Starting
PHP Fatal error:  Uncaught mysqli_sql_exception: No such file or directory in /home/boincadm/projects/proto/html/inc/db_conn.inc:40
Stack trace:
#0 /home/boincadm/projects/proto/html/inc/db_conn.inc(40): mysqli->__construct()
#1 /home/boincadm/projects/proto/html/inc/boinc_db.inc(104): DbConn->init_conn()
#2 /home/boincadm/projects/proto/html/inc/boinc_db.inc(133): BoincDb::get_aux()
#3 /home/boincadm/projects/proto/html/inc/forum_db.inc(82): BoincDb::get()
#4 /home/boincadm/projects/proto/html/ops/update_forum_activities.php(31): BoincThread::enum()
#5 {main}
  thrown in /home/boincadm/projects/proto/html/inc/db_conn.inc on line 40

Fatal error: Uncaught mysqli_sql_exception: No such file or directory in /home/boincadm/projects/proto/html/inc/db_conn.inc:40
Stack trace:
#0 /home/boincadm/projects/proto/html/inc/db_conn.inc(40): mysqli->__construct()
#1 /home/boincadm/projects/proto/html/inc/boinc_db.inc(104): DbConn->init_conn()
#2 /home/boincadm/projects/proto/html/inc/boinc_db.inc(133): BoincDb::get_aux()
#3 /home/boincadm/projects/proto/html/inc/forum_db.inc(82): BoincDb::get()
#4 /home/boincadm/projects/proto/html/ops/update_forum_activities.php(31): BoincThread::enum()
#5 {main}
  thrown in /home/boincadm/projects/proto/html/inc/db_conn.inc on line 40
Sun, 17 Mar 24 01:50:02 +0000: Starting
PHP Fatal error:  Uncaught mysqli_sql_exception: No such file or directory in /home/boincadm/projects/proto/html/inc/db_conn.inc:40
Stack trace:
#0 /home/boincadm/projects/proto/html/inc/db_conn.inc(40): mysqli->__construct()
#1 /home/boincadm/projects/proto/html/inc/boinc_db.inc(104): DbConn->init_conn()
#2 /home/boincadm/projects/proto/html/inc/boinc_db.inc(133): BoincDb::get_aux()
#3 /home/boincadm/projects/proto/html/inc/forum_db.inc(82): BoincDb::get()
#4 /home/boincadm/projects/proto/html/ops/update_forum_activities.php(31): BoincThread::enum()
#5 {main}
  thrown in /home/boincadm/projects/proto/html/inc/db_conn.inc on line 40

Fatal error: Uncaught mysqli_sql_exception: No such file or directory in /home/boincadm/projects/proto/html/inc/db_conn.inc:40
Stack trace:
#0 /home/boincadm/projects/proto/html/inc/db_conn.inc(40): mysqli->__construct()
#1 /home/boincadm/projects/proto/html/inc/boinc_db.inc(104): DbConn->init_conn()
#2 /home/boincadm/projects/proto/html/inc/boinc_db.inc(133): BoincDb::get_aux()
#3 /home/boincadm/projects/proto/html/inc/forum_db.inc(82): BoincDb::get()
#4 /home/boincadm/projects/proto/html/ops/update_forum_activities.php(31): BoincThread::enum()
#5 {main}
  thrown in /home/boincadm/projects/proto/html/inc/db_conn.inc on line 40
Sun, 17 Mar 24 02:50:02 +0000: Starting
PHP Fatal error:  Uncaught mysqli_sql_exception: No such file or directory in /home/boincadm/projects/proto/html/inc/db_conn.inc:40
Stack trace:
#0 /home/boincadm/projects/proto/html/inc/db_conn.inc(40): mysqli->__construct()
#1 /home/boincadm/projects/proto/html/inc/boinc_db.inc(104): DbConn->init_conn()
#2 /home/boincadm/projects/proto/html/inc/boinc_db.inc(133): BoincDb::get_aux()
#3 /home/boincadm/projects/proto/html/inc/forum_db.inc(82): BoincDb::get()
#4 /home/boincadm/projects/proto/html/ops/update_forum_activities.php(31): BoincThread::enum()
#5 {main}
  thrown in /home/boincadm/projects/proto/html/inc/db_conn.inc on line 40

Fatal error: Uncaught mysqli_sql_exception: No such file or directory in /home/boincadm/projects/proto/html/inc/db_conn.inc:40
Stack trace:
#0 /home/boincadm/projects/proto/html/inc/db_conn.inc(40): mysqli->__construct()
#1 /home/boincadm/projects/proto/html/inc/boinc_db.inc(104): DbConn->init_conn()
#2 /home/boincadm/projects/proto/html/inc/boinc_db.inc(133): BoincDb::get_aux()
#3 /home/boincadm/projects/proto/html/inc/forum_db.inc(82): BoincDb::get()
#4 /home/boincadm/projects/proto/html/ops/update_forum_activities.php(31): BoincThread::enum()
#5 {main}
  thrown in /home/boincadm/projects/proto/html/inc/db_conn.inc on line 40
Sun, 17 Mar 24 03:55:02 +0000: Starting
PHP Fatal error:  Uncaught mysqli_sql_exception: No such file or directory in /home/boincadm/projects/proto/html/inc/db_conn.inc:40
Stack trace:
#0 /home/boincadm/projects/proto/html/inc/db_conn.inc(40): mysqli->__construct()
#1 /home/boincadm/projects/proto/html/inc/boinc_db.inc(104): DbConn->init_conn()
#2 /home/boincadm/projects/proto/html/inc/boinc_db.inc(133): BoincDb::get_aux()
#3 /home/boincadm/projects/proto/html/inc/forum_db.inc(82): BoincDb::get()
#4 /home/boincadm/projects/proto/html/ops/update_forum_activities.php(31): BoincThread::enum()
#5 {main}
  thrown in /home/boincadm/projects/proto/html/inc/db_conn.inc on line 40

Fatal error: Uncaught mysqli_sql_exception: No such file or directory in /home/boincadm/projects/proto/html/inc/db_conn.inc:40
Stack trace:
#0 /home/boincadm/projects/proto/html/inc/db_conn.inc(40): mysqli->__construct()
#1 /home/boincadm/projects/proto/html/inc/boinc_db.inc(104): DbConn->init_conn()
#2 /home/boincadm/projects/proto/html/inc/boinc_db.inc(133): BoincDb::get_aux()
#3 /home/boincadm/projects/proto/html/inc/forum_db.inc(82): BoincDb::get()
#4 /home/boincadm/projects/proto/html/ops/update_forum_activities.php(31): BoincThread::enum()
#5 {main}
  thrown in /home/boincadm/projects/proto/html/inc/db_conn.inc on line 40
Sun, 17 Mar 24 05:00:01 +0000: Starting
PHP Fatal error:  Uncaught mysqli_sql_exception: No such file or directory in /home/boincadm/projects/proto/html/inc/db_conn.inc:40
Stack trace:
#0 /home/boincadm/projects/proto/html/inc/db_conn.inc(40): mysqli->__construct()
#1 /home/boincadm/projects/proto/html/inc/boinc_db.inc(104): DbConn->init_conn()
#2 /home/boincadm/projects/proto/html/inc/boinc_db.inc(133): BoincDb::get_aux()
#3 /home/boincadm/projects/proto/html/inc/forum_db.inc(82): BoincDb::get()
#4 /home/boincadm/projects/proto/html/ops/update_forum_activities.php(31): BoincThread::enum()
#5 {main}
  thrown in /home/boincadm/projects/proto/html/inc/db_conn.inc on line 40

Fatal error: Uncaught mysqli_sql_exception: No such file or directory in /home/boincadm/projects/proto/html/inc/db_conn.inc:40
Stack trace:
#0 /home/boincadm/projects/proto/html/inc/db_conn.inc(40): mysqli->__construct()
#1 /home/boincadm/projects/proto/html/inc/boinc_db.inc(104): DbConn->init_conn()
#2 /home/boincadm/projects/proto/html/inc/boinc_db.inc(133): BoincDb::get_aux()
#3 /home/boincadm/projects/proto/html/inc/forum_db.inc(82): BoincDb::get()
#4 /home/boincadm/projects/proto/html/ops/update_forum_activities.php(31): BoincThread::enum()
#5 {main}
  thrown in /home/boincadm/projects/proto/html/inc/db_conn.inc on line 40
Sun, 17 Mar 24 06:00:02 +0000: Starting
PHP Fatal error:  Uncaught mysqli_sql_exception: No such file or directory in /home/boincadm/projects/proto/html/inc/db_conn.inc:40
Stack trace:
#0 /home/boincadm/projects/proto/html/inc/db_conn.inc(40): mysqli->__construct()
#1 /home/boincadm/projects/proto/html/inc/boinc_db.inc(104): DbConn->init_conn()
#2 /home/boincadm/projects/proto/html/inc/boinc_db.inc(133): BoincDb::get_aux()
#3 /home/boincadm/projects/proto/html/inc/forum_db.inc(82): BoincDb::get()
#4 /home/boincadm/projects/proto/html/ops/update_forum_activities.php(31): BoincThread::enum()
#5 {main}
  thrown in /home/boincadm/projects/proto/html/inc/db_conn.inc on line 40

Fatal error: Uncaught mysqli_sql_exception: No such file or directory in /home/boincadm/projects/proto/html/inc/db_conn.inc:40
Stack trace:
#0 /home/boincadm/projects/proto/html/inc/db_conn.inc(40): mysqli->__construct()
#1 /home/boincadm/projects/proto/html/inc/boinc_db.inc(104): DbConn->init_conn()
#2 /home/boincadm/projects/proto/html/inc/boinc_db.inc(133): BoincDb::get_aux()
#3 /home/boincadm/projects/proto/html/inc/forum_db.inc(82): BoincDb::get()
#4 /home/boincadm/projects/proto/html/ops/update_forum_activities.php(31): BoincThread::enum()
#5 {main}
  thrown in /home/boincadm/projects/proto/html/inc/db_conn.inc on line 40
Sun, 17 Mar 24 07:00:02 +0000: Starting
PHP Fatal error:  Uncaught mysqli_sql_exception: No such file or directory in /home/boincadm/projects/proto/html/inc/db_conn.inc:40
Stack trace:
#0 /home/boincadm/projects/proto/html/inc/db_conn.inc(40): mysqli->__construct()
#1 /home/boincadm/projects/proto/html/inc/boinc_db.inc(104): DbConn->init_conn()
#2 /home/boincadm/projects/proto/html/inc/boinc_db.inc(133): BoincDb::get_aux()
#3 /home/boincadm/projects/proto/html/inc/forum_db.inc(82): BoincDb::get()
#4 /home/boincadm/projects/proto/html/ops/update_forum_activities.php(31): BoincThread::enum()
#5 {main}
  thrown in /home/boincadm/projects/proto/html/inc/db_conn.inc on line 40

Fatal error: Uncaught mysqli_sql_exception: No such file or directory in /home/boincadm/projects/proto/html/inc/db_conn.inc:40
Stack trace:
#0 /home/boincadm/projects/proto/html/inc/db_conn.inc(40): mysqli->__construct()
#1 /home/boincadm/projects/proto/html/inc/boinc_db.inc(104): DbConn->init_conn()
#2 /home/boincadm/projects/proto/html/inc/boinc_db.inc(133): BoincDb::get_aux()
#3 /home/boincadm/projects/proto/html/inc/forum_db.inc(82): BoincDb::get()
#4 /home/boincadm/projects/proto/html/ops/update_forum_activities.php(31): BoincThread::enum()
#5 {main}
  thrown in /home/boincadm/projects/proto/html/inc/db_conn.inc on line 40
Sun, 17 Mar 24 08:05:01 +0000: Starting
Sun, 17 Mar 24 08:05:01 +0000: Finished
Sun, 17 Mar 24 09:05:02 +0000: Starting
Sun, 17 Mar 24 09:05:02 +0000: Finished
Sun, 17 Mar 24 10:05:01 +0000: Starting
Sun, 17 Mar 24 10:05:01 +0000: Finished
Sun, 17 Mar 24 11:05:01 +0000: Starting
Sun, 17 Mar 24 11:05:01 +0000: Finished
