
March 15 2024 UTC: Starting
PHP Fatal error:  Uncaught mysqli_sql_exception: No such file or directory in /home/boincadm/projects/proto/html/inc/db_conn.inc:40
Stack trace:
#0 /home/boincadm/projects/proto/html/inc/db_conn.inc(40): mysqli->__construct()
#1 /home/boincadm/projects/proto/html/inc/boinc_db.inc(104): DbConn->init_conn()
#2 /home/boincadm/projects/proto/html/inc/boinc_db.inc(133): BoincDb::get_aux()
#3 /home/boincadm/projects/proto/html/inc/boinc_db.inc(507): BoincDb::get()
#4 /home/boincadm/projects/proto/html/inc/uotd.inc(50): BoincProfile::enum()
#5 /home/boincadm/projects/proto/html/inc/uotd.inc(61): get_current_uotd()
#6 /home/boincadm/projects/proto/html/ops/update_uotd.php(35): select_uotd()
#7 {main}
  thrown in /home/boincadm/projects/proto/html/inc/db_conn.inc on line 40

Fatal error: Uncaught mysqli_sql_exception: No such file or directory in /home/boincadm/projects/proto/html/inc/db_conn.inc:40
Stack trace:
#0 /home/boincadm/projects/proto/html/inc/db_conn.inc(40): mysqli->__construct()
#1 /home/boincadm/projects/proto/html/inc/boinc_db.inc(104): DbConn->init_conn()
#2 /home/boincadm/projects/proto/html/inc/boinc_db.inc(133): BoincDb::get_aux()
#3 /home/boincadm/projects/proto/html/inc/boinc_db.inc(507): BoincDb::get()
#4 /home/boincadm/projects/proto/html/inc/uotd.inc(50): BoincProfile::enum()
#5 /home/boincadm/projects/proto/html/inc/uotd.inc(61): get_current_uotd()
#6 /home/boincadm/projects/proto/html/ops/update_uotd.php(35): select_uotd()
#7 {main}
  thrown in /home/boincadm/projects/proto/html/inc/db_conn.inc on line 40

March 16 2024 UTC: Starting
PHP Fatal error:  Uncaught mysqli_sql_exception: No such file or directory in /home/boincadm/projects/proto/html/inc/db_conn.inc:40
Stack trace:
#0 /home/boincadm/projects/proto/html/inc/db_conn.inc(40): mysqli->__construct()
#1 /home/boincadm/projects/proto/html/inc/boinc_db.inc(104): DbConn->init_conn()
#2 /home/boincadm/projects/proto/html/inc/boinc_db.inc(133): BoincDb::get_aux()
#3 /home/boincadm/projects/proto/html/inc/boinc_db.inc(507): BoincDb::get()
#4 /home/boincadm/projects/proto/html/inc/uotd.inc(50): BoincProfile::enum()
#5 /home/boincadm/projects/proto/html/inc/uotd.inc(61): get_current_uotd()
#6 /home/boincadm/projects/proto/html/ops/update_uotd.php(35): select_uotd()
#7 {main}
  thrown in /home/boincadm/projects/proto/html/inc/db_conn.inc on line 40

Fatal error: Uncaught mysqli_sql_exception: No such file or directory in /home/boincadm/projects/proto/html/inc/db_conn.inc:40
Stack trace:
#0 /home/boincadm/projects/proto/html/inc/db_conn.inc(40): mysqli->__construct()
#1 /home/boincadm/projects/proto/html/inc/boinc_db.inc(104): DbConn->init_conn()
#2 /home/boincadm/projects/proto/html/inc/boinc_db.inc(133): BoincDb::get_aux()
#3 /home/boincadm/projects/proto/html/inc/boinc_db.inc(507): BoincDb::get()
#4 /home/boincadm/projects/proto/html/inc/uotd.inc(50): BoincProfile::enum()
#5 /home/boincadm/projects/proto/html/inc/uotd.inc(61): get_current_uotd()
#6 /home/boincadm/projects/proto/html/ops/update_uotd.php(35): select_uotd()
#7 {main}
  thrown in /home/boincadm/projects/proto/html/inc/db_conn.inc on line 40

March 17 2024 UTC: Starting
using default candidates_query
approved candidates for UOTD under UOTD_THRESHOLD
sh: 1: /usr/sbin/sendmail: not found
no new verified profile found, selecting old UOTD that was shown least recently
No screened users found

March 18 2024 UTC: Starting
using default candidates_query
approved candidates for UOTD under UOTD_THRESHOLD
sh: 1: /usr/sbin/sendmail: not found
no new verified profile found, selecting old UOTD that was shown least recently
No screened users found

March 19 2024 UTC: Starting
using default candidates_query
approved candidates for UOTD under UOTD_THRESHOLD
sh: 1: /usr/sbin/sendmail: not found
no new verified profile found, selecting old UOTD that was shown least recently
No screened users found

March 20 2024 UTC: Starting
using default candidates_query
approved candidates for UOTD under UOTD_THRESHOLD
sh: 1: /usr/sbin/sendmail: not found
no new verified profile found, selecting old UOTD that was shown least recently
No screened users found

March 21 2024 UTC: Starting
using default candidates_query
approved candidates for UOTD under UOTD_THRESHOLD
sh: 1: /usr/sbin/sendmail: not found
no new verified profile found, selecting old UOTD that was shown least recently
No screened users found
